<!DOCTYPE html>
<html>
<head>
<meta http-equiv="Content-Type" content="text/html; charset=utf-8"/>
<meta http-equiv="x-ua-compatible" content="IE=edge"/>
<title>Test results - Class org.hyperskill.secretdiary.Stage5UnitTest</title>
<link href="../css/base-style.css" rel="stylesheet" type="text/css"/>
<link href="../css/style.css" rel="stylesheet" type="text/css"/>
<script src="../js/report.js" type="text/javascript"></script>
</head>
<body>
<div id="content">
<h1>Class org.hyperskill.secretdiary.Stage5UnitTest</h1>
<div class="breadcrumbs">
<a href="../index.html">all</a> &gt; 
<a href="../packages/org.hyperskill.secretdiary.html">org.hyperskill.secretdiary</a> &gt; Stage5UnitTest</div>
<div id="summary">
<table>
<tr>
<td>
<div class="summaryGroup">
<table>
<tr>
<td>
<div class="infoBox" id="tests">
<div class="counter">8</div>
<p>tests</p>
</div>
</td>
<td>
<div class="infoBox" id="failures">
<div class="counter">2</div>
<p>failures</p>
</div>
</td>
<td>
<div class="infoBox" id="ignored">
<div class="counter">0</div>
<p>ignored</p>
</div>
</td>
<td>
<div class="infoBox" id="duration">
<div class="counter">1.820s</div>
<p>duration</p>
</div>
</td>
</tr>
</table>
</div>
</td>
<td>
<div class="infoBox failures" id="successRate">
<div class="percent">75%</div>
<p>successful</p>
</div>
</td>
</tr>
</table>
</div>
<div id="tabs">
<ul class="tabLinks">
<li>
<a href="#tab0">Failed tests</a>
</li>
<li>
<a href="#tab1">Tests</a>
</li>
</ul>
<div id="tab0" class="tab">
<h2>Failed tests</h2>
<div class="test">
<a name="test02_checkLauncher"></a>
<h3 class="failures">test02_checkLauncher</h3>
<span class="code">
<pre>java.lang.AssertionError: No intent filter declared for LoginActivity on AndroidManifest.xml
	at org.hyperskill.secretdiary.Stage5UnitTest$test02_checkLauncher$1.invoke(Stage5UnitTest.kt:97)
	at org.hyperskill.secretdiary.Stage5UnitTest$test02_checkLauncher$1.invoke(Stage5UnitTest.kt:80)
	at org.hyperskill.secretdiary.internals.AbstractUnitTest.testActivity(AbstractUnitTest.kt:82)
	at org.hyperskill.secretdiary.internals.AbstractUnitTest.testActivity$default(AbstractUnitTest.kt:65)
	at org.hyperskill.secretdiary.Stage5UnitTest.test02_checkLauncher(Stage5UnitTest.kt:80)
	at java.base/jdk.internal.reflect.NativeMethodAccessorImpl.invoke0(Native Method)
	at java.base/jdk.internal.reflect.NativeMethodAccessorImpl.invoke(NativeMethodAccessorImpl.java:77)
	at java.base/jdk.internal.reflect.DelegatingMethodAccessorImpl.invoke(DelegatingMethodAccessorImpl.java:43)
	at java.base/java.lang.reflect.Method.invoke(Method.java:568)
	at org.junit.runners.model.FrameworkMethod$1.runReflectiveCall(FrameworkMethod.java:59)
	at org.junit.internal.runners.model.ReflectiveCallable.run(ReflectiveCallable.java:12)
	at org.junit.runners.model.FrameworkMethod.invokeExplosively(FrameworkMethod.java:56)
	at org.junit.internal.runners.statements.InvokeMethod.evaluate(InvokeMethod.java:17)
	at org.junit.runners.ParentRunner$3.evaluate(ParentRunner.java:306)
	at org.robolectric.RobolectricTestRunner$HelperTestRunner$1.evaluate(RobolectricTestRunner.java:591)
	at org.robolectric.internal.SandboxTestRunner$2.lambda$evaluate$0(SandboxTestRunner.java:274)
	at org.robolectric.internal.bytecode.Sandbox.lambda$runOnMainThread$0(Sandbox.java:88)
	at java.base/java.util.concurrent.FutureTask.run(FutureTask.java:264)
	at java.base/java.util.concurrent.ThreadPoolExecutor.runWorker(ThreadPoolExecutor.java:1136)
	at java.base/java.util.concurrent.ThreadPoolExecutor$Worker.run(ThreadPoolExecutor.java:635)
	at java.base/java.lang.Thread.run(Thread.java:833)
</pre>
</span>
</div>
<div class="test">
<a name="test04_checkLoginActivityFinished"></a>
<h3 class="failures">test04_checkLoginActivityFinished</h3>
<span class="code">
<pre>java.lang.AssertionError: Login Activity should be destroyed on successful login action
	at org.junit.Assert.fail(Assert.java:89)
	at org.junit.Assert.assertTrue(Assert.java:42)
	at org.hyperskill.secretdiary.Stage5UnitTest$test04_checkLoginActivityFinished$1.invoke(Stage5UnitTest.kt:164)
	at org.hyperskill.secretdiary.Stage5UnitTest$test04_checkLoginActivityFinished$1.invoke(Stage5UnitTest.kt:152)
	at org.hyperskill.secretdiary.internals.AbstractUnitTest.testActivity(AbstractUnitTest.kt:82)
	at org.hyperskill.secretdiary.internals.AbstractUnitTest.testActivity$default(AbstractUnitTest.kt:65)
	at org.hyperskill.secretdiary.Stage5UnitTest.test04_checkLoginActivityFinished(Stage5UnitTest.kt:152)
	at java.base/jdk.internal.reflect.NativeMethodAccessorImpl.invoke0(Native Method)
	at java.base/jdk.internal.reflect.NativeMethodAccessorImpl.invoke(NativeMethodAccessorImpl.java:77)
	at java.base/jdk.internal.reflect.DelegatingMethodAccessorImpl.invoke(DelegatingMethodAccessorImpl.java:43)
	at java.base/java.lang.reflect.Method.invoke(Method.java:568)
	at org.junit.runners.model.FrameworkMethod$1.runReflectiveCall(FrameworkMethod.java:59)
	at org.junit.internal.runners.model.ReflectiveCallable.run(ReflectiveCallable.java:12)
	at org.junit.runners.model.FrameworkMethod.invokeExplosively(FrameworkMethod.java:56)
	at org.junit.internal.runners.statements.InvokeMethod.evaluate(InvokeMethod.java:17)
	at org.junit.runners.ParentRunner$3.evaluate(ParentRunner.java:306)
	at org.robolectric.RobolectricTestRunner$HelperTestRunner$1.evaluate(RobolectricTestRunner.java:591)
	at org.robolectric.internal.SandboxTestRunner$2.lambda$evaluate$0(SandboxTestRunner.java:274)
	at org.robolectric.internal.bytecode.Sandbox.lambda$runOnMainThread$0(Sandbox.java:88)
	at java.base/java.util.concurrent.FutureTask.run(FutureTask.java:264)
	at java.base/java.util.concurrent.ThreadPoolExecutor.runWorker(ThreadPoolExecutor.java:1136)
	at java.base/java.util.concurrent.ThreadPoolExecutor$Worker.run(ThreadPoolExecutor.java:635)
	at java.base/java.lang.Thread.run(Thread.java:833)
</pre>
</span>
</div>
</div>
<div id="tab1" class="tab">
<h2>Tests</h2>
<table>
<thead>
<tr>
<th>Test</th>
<th>Duration</th>
<th>Result</th>
</tr>
</thead>
<tr>
<td class="success">test00_checkEditTextPin</td>
<td class="success">0.212s</td>
<td class="success">passed</td>
</tr>
<tr>
<td class="success">test01_checkButtonLogin</td>
<td class="success">0.156s</td>
<td class="success">passed</td>
</tr>
<tr>
<td class="failures">test02_checkLauncher</td>
<td class="failures">0.157s</td>
<td class="failures">failed</td>
</tr>
<tr>
<td class="success">test03_checkNavigation</td>
<td class="success">0.381s</td>
<td class="success">passed</td>
</tr>
<tr>
<td class="failures">test04_checkLoginActivityFinished</td>
<td class="failures">0.196s</td>
<td class="failures">failed</td>
</tr>
<tr>
<td class="success">test05_checkWrongPinErrorMessage</td>
<td class="success">0.378s</td>
<td class="success">passed</td>
</tr>
<tr>
<td class="success">test06_checkWrongPinActivityBehavior</td>
<td class="success">0.203s</td>
<td class="success">passed</td>
</tr>
<tr>
<td class="success">testShouldCheckTextViewTitle</td>
<td class="success">0.137s</td>
<td class="success">passed</td>
</tr>
</table>
</div>
</div>
<div id="footer">
<p>
<div>
<label class="hidden" id="label-for-line-wrapping-toggle" for="line-wrapping-toggle">Wrap lines
<input id="line-wrapping-toggle" type="checkbox" autocomplete="off"/>
</label>
</div>Generated by 
<a href="http://www.gradle.org">Gradle 8.7</a> at May 27, 2024, 9:39:01 AM</p>
</div>
</div>
</body>
</html>
