<?xml version="1.0" encoding="UTF-8"?>
<testsuite name="org.hyperskill.secretdiary.Stage5UnitTest" tests="8" skipped="0" failures="2" errors="0" timestamp="2024-05-27T08:38:58" hostname="DESKTOP-S3OS6DJ" time="1.822">
  <properties/>
  <testcase name="test00_checkEditTextPin" classname="org.hyperskill.secretdiary.Stage5UnitTest" time="0.212"/>
  <testcase name="test01_checkButtonLogin" classname="org.hyperskill.secretdiary.Stage5UnitTest" time="0.156"/>
  <testcase name="test02_checkLauncher" classname="org.hyperskill.secretdiary.Stage5UnitTest" time="0.157">
    <failure message="java.lang.AssertionError: No intent filter declared for LoginActivity on AndroidManifest.xml" type="java.lang.AssertionError">java.lang.AssertionError: No intent filter declared for LoginActivity on AndroidManifest.xml
	at org.hyperskill.secretdiary.Stage5UnitTest$test02_checkLauncher$1.invoke(Stage5UnitTest.kt:97)
	at org.hyperskill.secretdiary.Stage5UnitTest$test02_checkLauncher$1.invoke(Stage5UnitTest.kt:80)
	at org.hyperskill.secretdiary.internals.AbstractUnitTest.testActivity(AbstractUnitTest.kt:82)
	at org.hyperskill.secretdiary.internals.AbstractUnitTest.testActivity$default(AbstractUnitTest.kt:65)
	at org.hyperskill.secretdiary.Stage5UnitTest.test02_checkLauncher(Stage5UnitTest.kt:80)
	at java.base/jdk.internal.reflect.NativeMethodAccessorImpl.invoke0(Native Method)
	at java.base/jdk.internal.reflect.NativeMethodAccessorImpl.invoke(NativeMethodAccessorImpl.java:77)
	at java.base/jdk.internal.reflect.DelegatingMethodAccessorImpl.invoke(DelegatingMethodAccessorImpl.java:43)
	at java.base/java.lang.reflect.Method.invoke(Method.java:568)
	at org.junit.runners.model.FrameworkMethod$1.runReflectiveCall(FrameworkMethod.java:59)
	at org.junit.internal.runners.model.ReflectiveCallable.run(ReflectiveCallable.java:12)
	at org.junit.runners.model.FrameworkMethod.invokeExplosively(FrameworkMethod.java:56)
	at org.junit.internal.runners.statements.InvokeMethod.evaluate(InvokeMethod.java:17)
	at org.junit.runners.ParentRunner$3.evaluate(ParentRunner.java:306)
	at org.robolectric.RobolectricTestRunner$HelperTestRunner$1.evaluate(RobolectricTestRunner.java:591)
	at org.robolectric.internal.SandboxTestRunner$2.lambda$evaluate$0(SandboxTestRunner.java:274)
	at org.robolectric.internal.bytecode.Sandbox.lambda$runOnMainThread$0(Sandbox.java:88)
	at java.base/java.util.concurrent.FutureTask.run(FutureTask.java:264)
	at java.base/java.util.concurrent.ThreadPoolExecutor.runWorker(ThreadPoolExecutor.java:1136)
	at java.base/java.util.concurrent.ThreadPoolExecutor$Worker.run(ThreadPoolExecutor.java:635)
	at java.base/java.lang.Thread.run(Thread.java:833)
</failure>
  </testcase>
  <testcase name="test03_checkNavigation" classname="org.hyperskill.secretdiary.Stage5UnitTest" time="0.381"/>
  <testcase name="test04_checkLoginActivityFinished" classname="org.hyperskill.secretdiary.Stage5UnitTest" time="0.196">
    <failure message="java.lang.AssertionError: Login Activity should be destroyed on successful login action" type="java.lang.AssertionError">java.lang.AssertionError: Login Activity should be destroyed on successful login action
	at org.junit.Assert.fail(Assert.java:89)
	at org.junit.Assert.assertTrue(Assert.java:42)
	at org.hyperskill.secretdiary.Stage5UnitTest$test04_checkLoginActivityFinished$1.invoke(Stage5UnitTest.kt:164)
	at org.hyperskill.secretdiary.Stage5UnitTest$test04_checkLoginActivityFinished$1.invoke(Stage5UnitTest.kt:152)
	at org.hyperskill.secretdiary.internals.AbstractUnitTest.testActivity(AbstractUnitTest.kt:82)
	at org.hyperskill.secretdiary.internals.AbstractUnitTest.testActivity$default(AbstractUnitTest.kt:65)
	at org.hyperskill.secretdiary.Stage5UnitTest.test04_checkLoginActivityFinished(Stage5UnitTest.kt:152)
	at java.base/jdk.internal.reflect.NativeMethodAccessorImpl.invoke0(Native Method)
	at java.base/jdk.internal.reflect.NativeMethodAccessorImpl.invoke(NativeMethodAccessorImpl.java:77)
	at java.base/jdk.internal.reflect.DelegatingMethodAccessorImpl.invoke(DelegatingMethodAccessorImpl.java:43)
	at java.base/java.lang.reflect.Method.invoke(Method.java:568)
	at org.junit.runners.model.FrameworkMethod$1.runReflectiveCall(FrameworkMethod.java:59)
	at org.junit.internal.runners.model.ReflectiveCallable.run(ReflectiveCallable.java:12)
	at org.junit.runners.model.FrameworkMethod.invokeExplosively(FrameworkMethod.java:56)
	at org.junit.internal.runners.statements.InvokeMethod.evaluate(InvokeMethod.java:17)
	at org.junit.runners.ParentRunner$3.evaluate(ParentRunner.java:306)
	at org.robolectric.RobolectricTestRunner$HelperTestRunner$1.evaluate(RobolectricTestRunner.java:591)
	at org.robolectric.internal.SandboxTestRunner$2.lambda$evaluate$0(SandboxTestRunner.java:274)
	at org.robolectric.internal.bytecode.Sandbox.lambda$runOnMainThread$0(Sandbox.java:88)
	at java.base/java.util.concurrent.FutureTask.run(FutureTask.java:264)
	at java.base/java.util.concurrent.ThreadPoolExecutor.runWorker(ThreadPoolExecutor.java:1136)
	at java.base/java.util.concurrent.ThreadPoolExecutor$Worker.run(ThreadPoolExecutor.java:635)
	at java.base/java.lang.Thread.run(Thread.java:833)
</failure>
  </testcase>
  <testcase name="test05_checkWrongPinErrorMessage" classname="org.hyperskill.secretdiary.Stage5UnitTest" time="0.378"/>
  <testcase name="test06_checkWrongPinActivityBehavior" classname="org.hyperskill.secretdiary.Stage5UnitTest" time="0.203"/>
  <testcase name="testShouldCheckTextViewTitle" classname="org.hyperskill.secretdiary.Stage5UnitTest" time="0.137"/>
  <system-out><![CDATA[]]></system-out>
  <system-err><![CDATA[]]></system-err>
</testsuite>
